Determining if the pthread_create exist failed with the following output:
Change Dir: /media/student/data6/cartographer/pcl-examples/build/CMakeFiles/CMakeTmp

Run Build Command:"/usr/bin/make" "cmTC_205ef/fast"
/usr/bin/make -f CMakeFiles/cmTC_205ef.dir/build.make CMakeFiles/cmTC_205ef.dir/build
make[1]: Entering directory '/media/student/data6/cartographer/pcl-examples/build/CMakeFiles/CMakeTmp'
Building C object CMakeFiles/cmTC_205ef.dir/CheckSymbolExists.c.o
/usr/bin/cc    -o CMakeFiles/cmTC_205ef.dir/CheckSymbolExists.c.o   -c /media/student/data6/cartographer/pcl-examples/build/CMakeFiles/CMakeTmp/CheckSymbolExists.c
Linking C executable cmTC_205ef
/usr/bin/cmake -E cmake_link_script CMakeFiles/cmTC_205ef.dir/link.txt --verbose=1
/usr/bin/cc      CMakeFiles/cmTC_205ef.dir/CheckSymbolExists.c.o  -o cmTC_205ef 
CMakeFiles/cmTC_205ef.dir/CheckSymbolExists.c.o: In function `main':
CheckSymbolExists.c:(.text+0x1b): undefined reference to `pthread_create'
collect2: error: ld returned 1 exit status
CMakeFiles/cmTC_205ef.dir/build.make:97: recipe for target 'cmTC_205ef' failed
make[1]: *** [cmTC_205ef] Error 1
make[1]: Leaving directory '/media/student/data6/cartographer/pcl-examples/build/CMakeFiles/CMakeTmp'
Makefile:126: recipe for target 'cmTC_205ef/fast' failed
make: *** [cmTC_205ef/fast] Error 2

File /media/student/data6/cartographer/pcl-examples/build/CMakeFiles/CMakeTmp/CheckSymbolExists.c:
/* */
#include <pthread.h>

int main(int argc, char** argv)
{
  (void)argv;
#ifndef pthread_create
  return ((int*)(&pthread_create))[argc];
#else
  (void)argc;
  return 0;
#endif
}

Determining if the function pthread_create exists in the pthreads failed with the following output:
Change Dir: /media/student/data6/cartographer/pcl-examples/build/CMakeFiles/CMakeTmp

Run Build Command:"/usr/bin/make" "cmTC_21c75/fast"
/usr/bin/make -f CMakeFiles/cmTC_21c75.dir/build.make CMakeFiles/cmTC_21c75.dir/build
make[1]: Entering directory '/media/student/data6/cartographer/pcl-examples/build/CMakeFiles/CMakeTmp'
Building C object CMakeFiles/cmTC_21c75.dir/CheckFunctionExists.c.o
/usr/bin/cc   -DCHECK_FUNCTION_EXISTS=pthread_create   -o CMakeFiles/cmTC_21c75.dir/CheckFunctionExists.c.o   -c /usr/share/cmake-3.10/Modules/CheckFunctionExists.c
Linking C executable cmTC_21c75
/usr/bin/cmake -E cmake_link_script CMakeFiles/cmTC_21c75.dir/link.txt --verbose=1
/usr/bin/cc  -DCHECK_FUNCTION_EXISTS=pthread_create    CMakeFiles/cmTC_21c75.dir/CheckFunctionExists.c.o  -o cmTC_21c75 -lpthreads 
/usr/bin/ld: cannot find -lpthreads
collect2: error: ld returned 1 exit status
CMakeFiles/cmTC_21c75.dir/build.make:97: recipe for target 'cmTC_21c75' failed
make[1]: *** [cmTC_21c75] Error 1
make[1]: Leaving directory '/media/student/data6/cartographer/pcl-examples/build/CMakeFiles/CMakeTmp'
Makefile:126: recipe for target 'cmTC_21c75/fast' failed
make: *** [cmTC_21c75/fast] Error 2


